[debug] [2018-05-30T02:03:14.069Z] ----------------------------------------------------------------------
[debug] [2018-05-30T02:03:14.072Z] Command:       C:\Program Files\nodejs\node.exe C:\Users\Angel\AppData\Roaming\npm\node_modules\firebase-tools\bin\firebase serve
[debug] [2018-05-30T02:03:14.073Z] CLI Version:   3.18.5
[debug] [2018-05-30T02:03:14.073Z] Platform:      win32
[debug] [2018-05-30T02:03:14.073Z] Node Version:  v8.11.2
[debug] [2018-05-30T02:03:14.073Z] Time:          Tue May 29 2018 21:03:14 GMT-0500 (Hora de verano central (México))
[debug] [2018-05-30T02:03:14.074Z] ----------------------------------------------------------------------
[debug] 
[debug] [2018-05-30T02:03:14.100Z] > command requires scopes: ["email","openid","https://www.googleapis.com/auth/cloudplatformprojects.readonly","https://www.googleapis.com/auth/firebase","https://www.googleapis.com/auth/cloud-platform"]
[debug] [2018-05-30T02:03:14.101Z] > authorizing via signed-in user
[debug] [2018-05-30T02:03:14.104Z] > refreshing access token with scopes: ["email","https://www.googleapis.com/auth/cloud-platform","https://www.googleapis.com/auth/cloudplatformprojects.readonly","https://www.googleapis.com/auth/firebase","openid"]
[debug] [2018-05-30T02:03:14.104Z] >>> HTTP REQUEST POST https://www.googleapis.com/oauth2/v3/token  
 { refresh_token: '1/sKW89mtCLzKlOlEE8MU9uNhqMi8t9Lm1jcx7s3sfQHs',
  client_id: '563584335869-fgrhgmd47bqnekij5i8b5pr03ho849e6.apps.googleusercontent.com',
  client_secret: 'j9iVZfS8kkCEFUPaAeJV0sAi',
  grant_type: 'refresh_token',
  scope: 'email https://www.googleapis.com/auth/cloud-platform https://www.googleapis.com/auth/cloudplatformprojects.readonly https://www.googleapis.com/auth/firebase openid' } 
 Tue May 29 2018 21:03:14 GMT-0500 (Hora de verano central (México))
[debug] [2018-05-30T02:03:14.334Z] <<< HTTP RESPONSE 200
[debug] [2018-05-30T02:03:14.377Z] >>> HTTP REQUEST GET https://admin.firebase.com/v1/projects/cintaroja20-c8fc3  
  
 Tue May 29 2018 21:03:14 GMT-0500 (Hora de verano central (México))
[debug] [2018-05-30T02:03:14.824Z] <<< HTTP RESPONSE 200
[debug] [2018-05-30T02:03:14.825Z] >>> HTTP REQUEST GET https://admin.firebase.com/v1/database/cintaroja20-c8fc3/tokens  
  
 Tue May 29 2018 21:03:14 GMT-0500 (Hora de verano central (México))
[debug] [2018-05-30T02:03:15.147Z] <<< HTTP RESPONSE 200
[debug] [2018-05-30T02:03:15.148Z] >>> HTTP REQUEST GET https://cloudresourcemanager.googleapis.com/v1/projects/cintaroja20-c8fc3  
  
 Tue May 29 2018 21:03:15 GMT-0500 (Hora de verano central (México))
[debug] [2018-05-30T02:03:15.541Z] <<< HTTP RESPONSE 200
[info] 
[info] === Serving from 'C:\Users\Angel\Desktop\Dev.f\Cinta roja\Trabajo\cintarojabatch20\JAngelGRuiz\Firebase'...
[info] 
[debug] [2018-05-30T02:03:15.543Z] >>> HTTP REQUEST GET https://mobilesdk-pa.googleapis.com/v1/projects/85803761675/clients/_:getWebAppConfig  
  
 Tue May 29 2018 21:03:15 GMT-0500 (Hora de verano central (México))
[debug] [2018-05-30T02:03:15.901Z] <<< HTTP RESPONSE 200
[info] i  hosting: Serving hosting files from: ./
[info] +  hosting: Local server: http://localhost:5000

[debug] [2018-05-31T00:25:28.701Z] ----------------------------------------------------------------------
[debug] [2018-05-31T00:25:28.701Z] Command:       C:\Program Files\nodejs\node.exe C:\Users\Angel\AppData\Roaming\npm\node_modules\firebase-tools\bin\firebase serve
[debug] [2018-05-31T00:25:28.701Z] CLI Version:   3.18.5
[debug] [2018-05-31T00:25:28.701Z] Platform:      win32
[debug] [2018-05-31T00:25:28.701Z] Node Version:  v8.11.2
[debug] [2018-05-31T00:25:28.701Z] Time:          Wed May 30 2018 19:25:28 GMT-0500 (Hora de verano central (México))
[debug] [2018-05-31T00:25:28.701Z] ----------------------------------------------------------------------
[debug] 
[debug] [2018-05-31T00:25:28.716Z] > command requires scopes: ["email","openid","https://www.googleapis.com/auth/cloudplatformprojects.readonly","https://www.googleapis.com/auth/firebase","https://www.googleapis.com/auth/cloud-platform"]
[debug] [2018-05-31T00:25:28.732Z] > authorizing via signed-in user
[debug] [2018-05-31T00:25:28.732Z] > refreshing access token with scopes: ["email","https://www.googleapis.com/auth/cloud-platform","https://www.googleapis.com/auth/cloudplatformprojects.readonly","https://www.googleapis.com/auth/firebase","openid"]
[debug] [2018-05-31T00:25:28.732Z] >>> HTTP REQUEST POST https://www.googleapis.com/oauth2/v3/token  
 { refresh_token: '1/sKW89mtCLzKlOlEE8MU9uNhqMi8t9Lm1jcx7s3sfQHs',
  client_id: '563584335869-fgrhgmd47bqnekij5i8b5pr03ho849e6.apps.googleusercontent.com',
  client_secret: 'j9iVZfS8kkCEFUPaAeJV0sAi',
  grant_type: 'refresh_token',
  scope: 'email https://www.googleapis.com/auth/cloud-platform https://www.googleapis.com/auth/cloudplatformprojects.readonly https://www.googleapis.com/auth/firebase openid' } 
 Wed May 30 2018 19:25:28 GMT-0500 (Hora de verano central (México))
[debug] [2018-05-31T00:25:28.966Z] <<< HTTP RESPONSE 200
[debug] [2018-05-31T00:25:29.216Z] >>> HTTP REQUEST GET https://admin.firebase.com/v1/projects/cintaroja20-c8fc3  
  
 Wed May 30 2018 19:25:29 GMT-0500 (Hora de verano central (México))
[debug] [2018-05-31T00:25:29.591Z] <<< HTTP RESPONSE 200
[debug] [2018-05-31T00:25:29.591Z] >>> HTTP REQUEST GET https://admin.firebase.com/v1/database/cintaroja20-c8fc3/tokens  
  
 Wed May 30 2018 19:25:29 GMT-0500 (Hora de verano central (México))
[debug] [2018-05-31T00:25:29.920Z] <<< HTTP RESPONSE 200
[debug] [2018-05-31T00:25:29.920Z] >>> HTTP REQUEST GET https://cloudresourcemanager.googleapis.com/v1/projects/cintaroja20-c8fc3  
  
 Wed May 30 2018 19:25:29 GMT-0500 (Hora de verano central (México))
[debug] [2018-05-31T00:25:30.279Z] <<< HTTP RESPONSE 200
[info] 
[info] === Serving from 'C:\Users\Angel\Desktop\Dev.f\Cinta roja\Trabajo\cintarojabatch20\JAngelGRuiz\Firebase'...
[info] 
[debug] [2018-05-31T00:25:30.279Z] >>> HTTP REQUEST GET https://mobilesdk-pa.googleapis.com/v1/projects/85803761675/clients/_:getWebAppConfig  
  
 Wed May 30 2018 19:25:30 GMT-0500 (Hora de verano central (México))
[debug] [2018-05-31T00:25:30.576Z] <<< HTTP RESPONSE 200
[info] i  hosting: Serving hosting files from: ./
[info] +  hosting: Local server: http://localhost:5000

[debug] [2018-05-31T00:36:03.733Z] ----------------------------------------------------------------------
[debug] [2018-05-31T00:36:03.733Z] Command:       C:\Program Files\nodejs\node.exe C:\Users\Angel\AppData\Roaming\npm\node_modules\firebase-tools\bin\firebase serve
[debug] [2018-05-31T00:36:03.733Z] CLI Version:   3.18.5
[debug] [2018-05-31T00:36:03.733Z] Platform:      win32
[debug] [2018-05-31T00:36:03.733Z] Node Version:  v8.11.2
[debug] [2018-05-31T00:36:03.733Z] Time:          Wed May 30 2018 19:36:03 GMT-0500 (Hora de verano central (México))
[debug] [2018-05-31T00:36:03.733Z] ----------------------------------------------------------------------
[debug] 
[debug] [2018-05-31T00:36:03.780Z] > command requires scopes: ["email","openid","https://www.googleapis.com/auth/cloudplatformprojects.readonly","https://www.googleapis.com/auth/firebase","https://www.googleapis.com/auth/cloud-platform"]
[debug] [2018-05-31T00:36:03.780Z] > authorizing via signed-in user
[debug] [2018-05-31T00:36:03.780Z] >>> HTTP REQUEST GET https://admin.firebase.com/v1/projects/cintaroja20-c8fc3  
  
 Wed May 30 2018 19:36:03 GMT-0500 (Hora de verano central (México))
[debug] [2018-05-31T00:36:04.233Z] <<< HTTP RESPONSE 200
[debug] [2018-05-31T00:36:04.249Z] >>> HTTP REQUEST GET https://admin.firebase.com/v1/database/cintaroja20-c8fc3/tokens  
  
 Wed May 30 2018 19:36:04 GMT-0500 (Hora de verano central (México))
[debug] [2018-05-31T00:36:04.608Z] <<< HTTP RESPONSE 200
[debug] [2018-05-31T00:36:04.608Z] >>> HTTP REQUEST GET https://cloudresourcemanager.googleapis.com/v1/projects/cintaroja20-c8fc3  
  
 Wed May 30 2018 19:36:04 GMT-0500 (Hora de verano central (México))
[debug] [2018-05-31T00:36:05.030Z] <<< HTTP RESPONSE 200
[info] 
[info] === Serving from 'C:\Users\Angel\Desktop\Dev.f\Cinta roja\Trabajo\cintarojabatch20\JAngelGRuiz\Firebase'...
[info] 
[debug] [2018-05-31T00:36:05.030Z] >>> HTTP REQUEST GET https://mobilesdk-pa.googleapis.com/v1/projects/85803761675/clients/_:getWebAppConfig  
  
 Wed May 30 2018 19:36:05 GMT-0500 (Hora de verano central (México))
[debug] [2018-05-31T00:36:05.405Z] <<< HTTP RESPONSE 200
[info] i  hosting: Serving hosting files from: ./
[info] +  hosting: Local server: http://localhost:5000

[debug] [2018-06-01T02:16:40.546Z] ----------------------------------------------------------------------
[debug] [2018-06-01T02:16:40.546Z] Command:       C:\Program Files\nodejs\node.exe C:\Users\Angel\AppData\Roaming\npm\node_modules\firebase-tools\bin\firebase serve
[debug] [2018-06-01T02:16:40.546Z] CLI Version:   3.18.5
[debug] [2018-06-01T02:16:40.546Z] Platform:      win32
[debug] [2018-06-01T02:16:40.546Z] Node Version:  v8.11.2
[debug] [2018-06-01T02:16:40.577Z] Time:          Thu May 31 2018 21:16:40 GMT-0500 (Hora de verano central (México))
[debug] [2018-06-01T02:16:40.577Z] ----------------------------------------------------------------------
[debug] 
[debug] [2018-06-01T02:16:40.655Z] > command requires scopes: ["email","openid","https://www.googleapis.com/auth/cloudplatformprojects.readonly","https://www.googleapis.com/auth/firebase","https://www.googleapis.com/auth/cloud-platform"]
[debug] [2018-06-01T02:16:40.671Z] > authorizing via signed-in user
[debug] [2018-06-01T02:16:40.671Z] > refreshing access token with scopes: ["email","https://www.googleapis.com/auth/cloud-platform","https://www.googleapis.com/auth/cloudplatformprojects.readonly","https://www.googleapis.com/auth/firebase","openid"]
[debug] [2018-06-01T02:16:40.671Z] >>> HTTP REQUEST POST https://www.googleapis.com/oauth2/v3/token  
 { refresh_token: '1/sKW89mtCLzKlOlEE8MU9uNhqMi8t9Lm1jcx7s3sfQHs',
  client_id: '563584335869-fgrhgmd47bqnekij5i8b5pr03ho849e6.apps.googleusercontent.com',
  client_secret: 'j9iVZfS8kkCEFUPaAeJV0sAi',
  grant_type: 'refresh_token',
  scope: 'email https://www.googleapis.com/auth/cloud-platform https://www.googleapis.com/auth/cloudplatformprojects.readonly https://www.googleapis.com/auth/firebase openid' } 
 Thu May 31 2018 21:16:40 GMT-0500 (Hora de verano central (México))
[debug] [2018-06-01T02:16:40.905Z] <<< HTTP RESPONSE 200
[debug] [2018-06-01T02:16:41.108Z] >>> HTTP REQUEST GET https://admin.firebase.com/v1/projects/cintaroja20-c8fc3  
  
 Thu May 31 2018 21:16:41 GMT-0500 (Hora de verano central (México))
[debug] [2018-06-01T02:16:41.561Z] <<< HTTP RESPONSE 200
[debug] [2018-06-01T02:16:41.561Z] >>> HTTP REQUEST GET https://admin.firebase.com/v1/database/cintaroja20-c8fc3/tokens  
  
 Thu May 31 2018 21:16:41 GMT-0500 (Hora de verano central (México))
[debug] [2018-06-01T02:16:43.295Z] <<< HTTP RESPONSE 200
[debug] [2018-06-01T02:16:43.295Z] >>> HTTP REQUEST GET https://cloudresourcemanager.googleapis.com/v1/projects/cintaroja20-c8fc3  
  
 Thu May 31 2018 21:16:43 GMT-0500 (Hora de verano central (México))
[debug] [2018-06-01T02:16:43.717Z] <<< HTTP RESPONSE 200
[info] 
[info] === Serving from 'C:\Users\Angel\Desktop\Dev.f\Cinta roja\Trabajo\cintarojabatch20\JAngelGRuiz\Firebase'...
[info] 
[debug] [2018-06-01T02:16:43.717Z] >>> HTTP REQUEST GET https://mobilesdk-pa.googleapis.com/v1/projects/85803761675/clients/_:getWebAppConfig  
  
 Thu May 31 2018 21:16:43 GMT-0500 (Hora de verano central (México))
[debug] [2018-06-01T02:16:44.029Z] <<< HTTP RESPONSE 200
[info] i  hosting: Serving hosting files from: ./
[info] +  hosting: Local server: http://localhost:5000

