[debug] [2018-05-31T00:27:42.490Z] ----------------------------------------------------------------------
[debug] [2018-05-31T00:27:42.493Z] Command:       /usr/bin/node /usr/local/bin/firebase serve
[debug] [2018-05-31T00:27:42.493Z] CLI Version:   3.18.5
[debug] [2018-05-31T00:27:42.493Z] Platform:      linux
[debug] [2018-05-31T00:27:42.493Z] Node Version:  v8.10.0
[debug] [2018-05-31T00:27:42.493Z] Time:          Wed May 30 2018 19:27:42 GMT-0500 (CDT)
[debug] [2018-05-31T00:27:42.493Z] ----------------------------------------------------------------------
[debug] 
[debug] [2018-05-31T00:27:42.519Z] > command requires scopes: ["email","openid","https://www.googleapis.com/auth/cloudplatformprojects.readonly","https://www.googleapis.com/auth/firebase","https://www.googleapis.com/auth/cloud-platform"]
[debug] [2018-05-31T00:27:42.519Z] > authorizing via signed-in user
[debug] [2018-05-31T00:27:42.521Z] > refreshing access token with scopes: ["email","https://www.googleapis.com/auth/cloud-platform","https://www.googleapis.com/auth/cloudplatformprojects.readonly","https://www.googleapis.com/auth/firebase","openid"]
[debug] [2018-05-31T00:27:42.522Z] >>> HTTP REQUEST POST https://www.googleapis.com/oauth2/v3/token  
 { refresh_token: '1/TrY3Ptepa8KBajWm46Yp2dZhBD4hJDV-lazouP8UHFg',
  client_id: '563584335869-fgrhgmd47bqnekij5i8b5pr03ho849e6.apps.googleusercontent.com',
  client_secret: 'j9iVZfS8kkCEFUPaAeJV0sAi',
  grant_type: 'refresh_token',
  scope: 'email https://www.googleapis.com/auth/cloud-platform https://www.googleapis.com/auth/cloudplatformprojects.readonly https://www.googleapis.com/auth/firebase openid' } 
 Wed May 30 2018 19:27:42 GMT-0500 (CDT)
[debug] [2018-05-31T00:27:43.032Z] <<< HTTP RESPONSE 200
[debug] [2018-05-31T00:27:43.042Z] >>> HTTP REQUEST GET https://admin.firebase.com/v1/projects/cintaroja20-96759  
  
 Wed May 30 2018 19:27:43 GMT-0500 (CDT)
[debug] [2018-05-31T00:27:43.560Z] <<< HTTP RESPONSE 200
[debug] [2018-05-31T00:27:43.562Z] >>> HTTP REQUEST GET https://admin.firebase.com/v1/database/cintaroja20-96759/tokens  
  
 Wed May 30 2018 19:27:43 GMT-0500 (CDT)
[debug] [2018-05-31T00:27:46.760Z] <<< HTTP RESPONSE 200
[debug] [2018-05-31T00:27:46.764Z] >>> HTTP REQUEST GET https://cloudresourcemanager.googleapis.com/v1/projects/cintaroja20-96759  
  
 Wed May 30 2018 19:27:46 GMT-0500 (CDT)
[debug] [2018-05-31T00:27:47.454Z] <<< HTTP RESPONSE 200
[info] 
[info] === Serving from '/home/mikefranco/Documentos/Dev.f/Cinta Roja/Forks/cintarojabatch20/Mig_Franco/firebase'...
[info] 
[debug] [2018-05-31T00:27:47.460Z] >>> HTTP REQUEST GET https://mobilesdk-pa.googleapis.com/v1/projects/315677706348/clients/_:getWebAppConfig  
  
 Wed May 30 2018 19:27:47 GMT-0500 (CDT)
[debug] [2018-05-31T00:27:47.883Z] <<< HTTP RESPONSE 200
[info] i  hosting: Serving hosting files from: ./
[info] ✔  hosting: Local server: http://localhost:5000

[debug] [2018-06-01T02:12:55.067Z] ----------------------------------------------------------------------
[debug] [2018-06-01T02:12:55.070Z] Command:       /usr/bin/node /usr/local/bin/firebase serve
[debug] [2018-06-01T02:12:55.070Z] CLI Version:   3.18.5
[debug] [2018-06-01T02:12:55.070Z] Platform:      linux
[debug] [2018-06-01T02:12:55.070Z] Node Version:  v8.10.0
[debug] [2018-06-01T02:12:55.070Z] Time:          Thu May 31 2018 21:12:55 GMT-0500 (CDT)
[debug] [2018-06-01T02:12:55.070Z] ----------------------------------------------------------------------
[debug] 
[debug] [2018-06-01T02:12:55.085Z] > command requires scopes: ["email","openid","https://www.googleapis.com/auth/cloudplatformprojects.readonly","https://www.googleapis.com/auth/firebase","https://www.googleapis.com/auth/cloud-platform"]
[debug] [2018-06-01T02:12:55.086Z] > authorizing via signed-in user
[debug] [2018-06-01T02:12:55.088Z] > refreshing access token with scopes: ["email","https://www.googleapis.com/auth/cloud-platform","https://www.googleapis.com/auth/cloudplatformprojects.readonly","https://www.googleapis.com/auth/firebase","openid"]
[debug] [2018-06-01T02:12:55.088Z] >>> HTTP REQUEST POST https://www.googleapis.com/oauth2/v3/token  
 { refresh_token: '1/TrY3Ptepa8KBajWm46Yp2dZhBD4hJDV-lazouP8UHFg',
  client_id: '563584335869-fgrhgmd47bqnekij5i8b5pr03ho849e6.apps.googleusercontent.com',
  client_secret: 'j9iVZfS8kkCEFUPaAeJV0sAi',
  grant_type: 'refresh_token',
  scope: 'email https://www.googleapis.com/auth/cloud-platform https://www.googleapis.com/auth/cloudplatformprojects.readonly https://www.googleapis.com/auth/firebase openid' } 
 Thu May 31 2018 21:12:55 GMT-0500 (CDT)
[debug] [2018-06-01T02:12:55.419Z] <<< HTTP RESPONSE 200
[debug] [2018-06-01T02:12:55.436Z] >>> HTTP REQUEST GET https://admin.firebase.com/v1/projects/cintaroja20-96759  
  
 Thu May 31 2018 21:12:55 GMT-0500 (CDT)
[debug] [2018-06-01T02:12:55.849Z] <<< HTTP RESPONSE 200
[debug] [2018-06-01T02:12:55.852Z] >>> HTTP REQUEST GET https://admin.firebase.com/v1/database/cintaroja20-96759/tokens  
  
 Thu May 31 2018 21:12:55 GMT-0500 (CDT)
[debug] [2018-06-01T02:12:56.201Z] <<< HTTP RESPONSE 200
[debug] [2018-06-01T02:12:56.203Z] >>> HTTP REQUEST GET https://cloudresourcemanager.googleapis.com/v1/projects/cintaroja20-96759  
  
 Thu May 31 2018 21:12:56 GMT-0500 (CDT)
[debug] [2018-06-01T02:12:56.587Z] <<< HTTP RESPONSE 200
[info] 
[info] === Serving from '/home/mikefranco/Documentos/Dev.f/Cinta Roja/Forks/cintarojabatch20/Mig_Franco/firebase'...
[info] 
[debug] [2018-06-01T02:12:56.594Z] >>> HTTP REQUEST GET https://mobilesdk-pa.googleapis.com/v1/projects/315677706348/clients/_:getWebAppConfig  
  
 Thu May 31 2018 21:12:56 GMT-0500 (CDT)
[debug] [2018-06-01T02:12:57.063Z] <<< HTTP RESPONSE 200
[info] i  hosting: Serving hosting files from: ./
[info] ✔  hosting: Local server: http://localhost:5000

